<?xml version="1.0" encoding="UTF-8"?>
<!-- Generated by org.testng.reporters.JUnitReportReporter -->
<testsuite hostname="GXNB-PG03THKB" failures="0" tests="1" name="day5.ParsingXMLResponse" time="3.680" errors="0" timestamp="2025-05-23T18:55:23 IST" skipped="0">
  <testcase classname="day5.ParsingXMLResponse" name="testXMLResponse" time="3.680"/>
</testsuite> <!-- day5.ParsingXMLResponse -->
