<?xml version="1.0" encoding="UTF-8"?>
<!-- Generated by org.testng.reporters.JUnitReportReporter -->
<testsuite hostname="GXNB-PG03THKB" failures="0" tests="1" name="day2.DiffWaysToCreatePostRequestBody" time="2.731" errors="0" timestamp="2025-05-21T16:10:11 IST" skipped="0">
  <testcase classname="day2.DiffWaysToCreatePostRequestBody" name="testPostUsingPOJO" time="2.731"/>
</testsuite> <!-- day2.DiffWaysToCreatePostRequestBody -->
