<?xml version="1.0" encoding="UTF-8"?>
<!-- Generated by org.testng.reporters.JUnitReportReporter -->
<testsuite hostname="GXNB-PG03THKB" failures="0" tests="1" name="day3.CookiesDemo" time="2.263" errors="0" timestamp="2025-05-21T16:42:37 IST" skipped="0">
  <testcase classname="day3.CookiesDemo" name="getCookiesInfo" time="2.263"/>
</testsuite> <!-- day3.CookiesDemo -->
