<?xml version="1.0" encoding="UTF-8"?>
<!-- Generated by org.testng.reporters.JUnitReportReporter -->
<testsuite hostname="GXNB-PG03THKB" failures="0" tests="1" name="day3.HeadersDemo" time="2.402" errors="0" timestamp="2025-05-21T18:09:24 IST" skipped="0">
  <testcase classname="day3.HeadersDemo" name="getHeadersInfo" time="2.402"/>
</testsuite> <!-- day3.HeadersDemo -->
