<?xml version="1.0" encoding="UTF-8"?>
<!-- Generated by org.testng.reporters.JUnitReportReporter -->
<testsuite hostname="GXNB-PG03THKB" failures="0" tests="1" name="day3.LoggingDemo" time="2.005" errors="0" timestamp="2025-05-21T18:21:36 IST" skipped="0">
  <testcase classname="day3.LoggingDemo" name="testLogs" time="2.005"/>
</testsuite> <!-- day3.LoggingDemo -->
