<?xml version="1.0" encoding="UTF-8"?>
<!-- Generated by org.testng.reporters.JUnitReportReporter -->
<testsuite hostname="GXNB-PG03THKB" failures="0" tests="1" name="day3.PathAndQueryParameters" time="2.207" errors="0" timestamp="2025-05-21T16:11:48 IST" skipped="0">
  <testcase classname="day3.PathAndQueryParameters" name="testQueryAndPathParameters" time="2.207"/>
</testsuite> <!-- day3.PathAndQueryParameters -->
