<?xml version="1.0" encoding="UTF-8"?>
<!-- Generated by org.testng.reporters.JUnitReportReporter -->
<testsuite hostname="GXNB-PG03THKB" failures="0" tests="4" name="day1.HTTPRequests" time="4.394" errors="0" timestamp="2025-05-16T18:31:51 IST" skipped="0">
  <testcase classname="day1.HTTPRequests" name="getUsers" time="2.956"/>
  <testcase classname="day1.HTTPRequests" name="createUser" time="0.733"/>
  <testcase classname="day1.HTTPRequests" name="updateUser" time="0.352"/>
  <testcase classname="day1.HTTPRequests" name="deleteUser" time="0.353"/>
</testsuite> <!-- day1.HTTPRequests -->
