<?xml version="1.0" encoding="UTF-8"?>
<!-- Generated by org.testng.reporters.JUnitReportReporter -->
<testsuite hostname="GXNB-PG03THKB" failures="0" tests="1" name="day4.ParsingJsonResponseData" time="2.721" errors="0" timestamp="2025-05-22T20:13:10 IST" skipped="0">
  <testcase classname="day4.ParsingJsonResponseData" name="testJsonResponseBodyData" time="2.721"/>
</testsuite> <!-- day4.ParsingJsonResponseData -->
